<?xml version="1.0" encoding="UTF-8"?>
<!-- Generated by org.testng.reporters.JUnitReportReporter -->
<testsuite hostname="Kris-PC" name="Tests.ValidateMainPageLinks" tests="48" failures="0" timestamp="27 Apr 2015 21:49:05 GMT" time="272.344" errors="0">
  <testcase name="test2S" time="6.427" classname="Tests.ValidateMainPageLinks"/>
  <testcase name="test1M" time="2.245" classname="Tests.ValidateMainPageLinks"/>
  <testcase name="test3M" time="5.708" classname="Tests.ValidateMainPageLinks"/>
  <testcase name="test9M" time="7.754" classname="Tests.ValidateMainPageLinks"/>
  <testcase name="test32M" time="8.025" classname="Tests.ValidateMainPageLinks"/>
  <testcase name="test33M" time="14.106" classname="Tests.ValidateMainPageLinks"/>
  <testcase name="test42M" time="6.300" classname="Tests.ValidateMainPageLinks"/>
  <testcase name="test6M" time="6.115" classname="Tests.ValidateMainPageLinks"/>
  <testcase name="test5M" time="3.261" classname="Tests.ValidateMainPageLinks"/>
  <testcase name="test24M" time="1.463" classname="Tests.ValidateMainPageLinks"/>
  <testcase name="test10M" time="8.598" classname="Tests.ValidateMainPageLinks"/>
  <testcase name="test12M" time="5.195" classname="Tests.ValidateMainPageLinks"/>
  <testcase name="test30M" time="2.484" classname="Tests.ValidateMainPageLinks"/>
  <testcase name="test13M" time="7.346" classname="Tests.ValidateMainPageLinks"/>
  <testcase name="test21M" time="4.588" classname="Tests.ValidateMainPageLinks"/>
  <testcase name="test22M" time="4.367" classname="Tests.ValidateMainPageLinks"/>
  <testcase name="test8M" time="7.589" classname="Tests.ValidateMainPageLinks"/>
  <testcase name="test20M" time="5.976" classname="Tests.ValidateMainPageLinks"/>
  <testcase name="test26M" time="4.493" classname="Tests.ValidateMainPageLinks"/>
  <testcase name="test11M" time="6.240" classname="Tests.ValidateMainPageLinks"/>
  <testcase name="test2M" time="4.703" classname="Tests.ValidateMainPageLinks"/>
  <testcase name="test34M" time="4.132" classname="Tests.ValidateMainPageLinks"/>
  <testcase name="test7M" time="7.273" classname="Tests.ValidateMainPageLinks"/>
  <testcase name="test16M" time="5.865" classname="Tests.ValidateMainPageLinks"/>
  <testcase name="test18M" time="5.770" classname="Tests.ValidateMainPageLinks"/>
  <testcase name="test35M" time="6.296" classname="Tests.ValidateMainPageLinks"/>
  <testcase name="test36M" time="6.129" classname="Tests.ValidateMainPageLinks"/>
  <testcase name="test4M" time="3.484" classname="Tests.ValidateMainPageLinks"/>
  <testcase name="test14M" time="5.538" classname="Tests.ValidateMainPageLinks"/>
  <testcase name="test40M" time="6.018" classname="Tests.ValidateMainPageLinks"/>
  <testcase name="test17M" time="5.446" classname="Tests.ValidateMainPageLinks"/>
  <testcase name="test39M" time="5.540" classname="Tests.ValidateMainPageLinks"/>
  <testcase name="test1S" time="6.757" classname="Tests.ValidateMainPageLinks"/>
  <testcase name="test28M" time="4.321" classname="Tests.ValidateMainPageLinks"/>
  <testcase name="test37M" time="5.839" classname="Tests.ValidateMainPageLinks"/>
  <testcase name="test25M" time="2.297" classname="Tests.ValidateMainPageLinks"/>
  <testcase name="test23M" time="3.166" classname="Tests.ValidateMainPageLinks"/>
  <testcase name="test47M" time="7.882" classname="Tests.ValidateMainPageLinks"/>
  <testcase name="test31M" time="6.095" classname="Tests.ValidateMainPageLinks"/>
  <testcase name="test15M" time="4.665" classname="Tests.ValidateMainPageLinks"/>
  <testcase name="test41M" time="5.980" classname="Tests.ValidateMainPageLinks"/>
  <testcase name="test45M" time="6.455" classname="Tests.ValidateMainPageLinks"/>
  <testcase name="test27M" time="4.766" classname="Tests.ValidateMainPageLinks"/>
  <testcase name="test19M" time="4.853" classname="Tests.ValidateMainPageLinks"/>
  <testcase name="test29M" time="4.417" classname="Tests.ValidateMainPageLinks"/>
  <testcase name="test43M" time="6.363" classname="Tests.ValidateMainPageLinks"/>
  <testcase name="test38M" time="7.628" classname="Tests.ValidateMainPageLinks"/>
  <testcase name="test46M" time="6.386" classname="Tests.ValidateMainPageLinks"/>
</testsuite> <!-- Tests.ValidateMainPageLinks -->
