<?xml version="1.0" encoding="UTF-8"?>
<!-- Generated by org.testng.reporters.JUnitReportReporter -->
<testsuite hostname="Kris-PC" name="Tests.ValidateMainPageLinks" tests="48" failures="0" timestamp="21 Mar 2015 17:53:58 GMT" time="336.030" errors="2">
  <testcase name="test7M" time="7.595" classname="Tests.ValidateMainPageLinks"/>
  <testcase name="test30M" time="5.648" classname="Tests.ValidateMainPageLinks"/>
  <testcase name="test11M" time="5.507" classname="Tests.ValidateMainPageLinks"/>
  <testcase name="test33M" time="14.961" classname="Tests.ValidateMainPageLinks"/>
  <testcase name="test29M" time="5.030" classname="Tests.ValidateMainPageLinks"/>
  <testcase name="test19M" time="5.672" classname="Tests.ValidateMainPageLinks"/>
  <testcase name="test26M" time="10.750" classname="Tests.ValidateMainPageLinks"/>
  <testcase name="test40M" time="4.178" classname="Tests.ValidateMainPageLinks"/>
  <testcase name="test46M" time="7.060" classname="Tests.ValidateMainPageLinks"/>
  <testcase name="test47M" time="6.894" classname="Tests.ValidateMainPageLinks"/>
  <testcase name="test10M" time="4.074" classname="Tests.ValidateMainPageLinks"/>
  <testcase name="test17M" time="5.310" classname="Tests.ValidateMainPageLinks"/>
  <testcase name="test27M" time="4.430" classname="Tests.ValidateMainPageLinks"/>
  <testcase name="test37M" time="7.270" classname="Tests.ValidateMainPageLinks"/>
  <testcase name="test39M" time="10.399" classname="Tests.ValidateMainPageLinks"/>
  <testcase name="test1M" time="2.391" classname="Tests.ValidateMainPageLinks"/>
  <testcase name="test16M" time="5.244" classname="Tests.ValidateMainPageLinks"/>
  <testcase name="test42M" time="6.890" classname="Tests.ValidateMainPageLinks"/>
  <testcase name="test20M" time="8.345" classname="Tests.ValidateMainPageLinks"/>
  <testcase name="test3M" time="38.897" classname="Tests.ValidateMainPageLinks">
    <error type="java.lang.AssertionError" message="expected [Login - My Store] but found [My Store]">
      <![CDATA[java.lang.AssertionError: expected [Login - My Store] but found [My Store]
	at org.testng.Assert.fail(Assert.java:94)
	at org.testng.Assert.failNotEquals(Assert.java:494)
	at org.testng.Assert.assertEquals(Assert.java:123)
	at org.testng.Assert.assertEquals(Assert.java:176)
	at org.testng.Assert.assertEquals(Assert.java:186)
	at Tests.ValidateMainPageLinks.test3M(ValidateMainPageLinks.java:64)
	at sun.reflect.NativeMethodAccessorImpl.invoke0(Native Method)
	at sun.reflect.NativeMethodAccessorImpl.invoke(Unknown Source)
	at sun.reflect.DelegatingMethodAccessorImpl.invoke(Unknown Source)
	at java.lang.reflect.Method.invoke(Unknown Source)
	at org.testng.internal.MethodInvocationHelper.invokeMethod(MethodInvocationHelper.java:84)
	at org.testng.internal.Invoker.invokeMethod(Invoker.java:714)
	at org.testng.internal.Invoker.invokeTestMethod(Invoker.java:901)
	at org.testng.internal.Invoker.invokeTestMethods(Invoker.java:1231)
	at org.testng.internal.TestMethodWorker.invokeTestMethods(TestMethodWorker.java:127)
	at org.testng.internal.TestMethodWorker.run(TestMethodWorker.java:111)
	at org.testng.TestRunner.privateRun(TestRunner.java:767)
	at org.testng.TestRunner.run(TestRunner.java:617)
	at org.testng.SuiteRunner.runTest(SuiteRunner.java:334)
	at org.testng.SuiteRunner.runSequentially(SuiteRunner.java:329)
	at org.testng.SuiteRunner.privateRun(SuiteRunner.java:291)
	at org.testng.SuiteRunner.run(SuiteRunner.java:240)
	at org.testng.SuiteRunnerWorker.runSuite(SuiteRunnerWorker.java:52)
	at org.testng.SuiteRunnerWorker.run(SuiteRunnerWorker.java:86)
	at org.testng.TestNG.runSuitesSequentially(TestNG.java:1224)
	at org.testng.TestNG.runSuitesLocally(TestNG.java:1149)
	at org.testng.TestNG.run(TestNG.java:1057)
	at org.testng.remote.RemoteTestNG.run(RemoteTestNG.java:111)
	at org.testng.remote.RemoteTestNG.initAndRun(RemoteTestNG.java:204)
	at org.testng.remote.RemoteTestNG.main(RemoteTestNG.java:175)
]]>
    </error>
  </testcase> <!-- test3M -->
  <testcase name="test32M" time="7.538" classname="Tests.ValidateMainPageLinks"/>
  <testcase name="test43M" time="6.830" classname="Tests.ValidateMainPageLinks"/>
  <testcase name="test38M" time="8.310" classname="Tests.ValidateMainPageLinks"/>
  <testcase name="test14M" time="6.340" classname="Tests.ValidateMainPageLinks"/>
  <testcase name="test23M" time="2.610" classname="Tests.ValidateMainPageLinks"/>
  <testcase name="test8M" time="8.270" classname="Tests.ValidateMainPageLinks"/>
  <testcase name="test12M" time="5.130" classname="Tests.ValidateMainPageLinks"/>
  <testcase name="test1S" time="4.911" classname="Tests.ValidateMainPageLinks"/>
  <testcase name="test4M" time="3.661" classname="Tests.ValidateMainPageLinks"/>
  <testcase name="test2M" time="8.340" classname="Tests.ValidateMainPageLinks"/>
  <testcase name="test45M" time="6.940" classname="Tests.ValidateMainPageLinks"/>
  <testcase name="test15M" time="4.990" classname="Tests.ValidateMainPageLinks"/>
  <testcase name="test34M" time="4.281" classname="Tests.ValidateMainPageLinks"/>
  <testcase name="test24M" time="1.650" classname="Tests.ValidateMainPageLinks">
    <error type="java.lang.AssertionError" message="expected [true] but found [false]">
      <![CDATA[java.lang.AssertionError: expected [true] but found [false]
	at org.testng.Assert.fail(Assert.java:94)
	at org.testng.Assert.failNotEquals(Assert.java:494)
	at org.testng.Assert.assertTrue(Assert.java:42)
	at org.testng.Assert.assertTrue(Assert.java:52)
	at Tests.ValidateMainPageLinks.test24M(ValidateMainPageLinks.java:255)
	at sun.reflect.NativeMethodAccessorImpl.invoke0(Native Method)
	at sun.reflect.NativeMethodAccessorImpl.invoke(Unknown Source)
	at sun.reflect.DelegatingMethodAccessorImpl.invoke(Unknown Source)
	at java.lang.reflect.Method.invoke(Unknown Source)
	at org.testng.internal.MethodInvocationHelper.invokeMethod(MethodInvocationHelper.java:84)
	at org.testng.internal.Invoker.invokeMethod(Invoker.java:714)
	at org.testng.internal.Invoker.invokeTestMethod(Invoker.java:901)
	at org.testng.internal.Invoker.invokeTestMethods(Invoker.java:1231)
	at org.testng.internal.TestMethodWorker.invokeTestMethods(TestMethodWorker.java:127)
	at org.testng.internal.TestMethodWorker.run(TestMethodWorker.java:111)
	at org.testng.TestRunner.privateRun(TestRunner.java:767)
	at org.testng.TestRunner.run(TestRunner.java:617)
	at org.testng.SuiteRunner.runTest(SuiteRunner.java:334)
	at org.testng.SuiteRunner.runSequentially(SuiteRunner.java:329)
	at org.testng.SuiteRunner.privateRun(SuiteRunner.java:291)
	at org.testng.SuiteRunner.run(SuiteRunner.java:240)
	at org.testng.SuiteRunnerWorker.runSuite(SuiteRunnerWorker.java:52)
	at org.testng.SuiteRunnerWorker.run(SuiteRunnerWorker.java:86)
	at org.testng.TestNG.runSuitesSequentially(TestNG.java:1224)
	at org.testng.TestNG.runSuitesLocally(TestNG.java:1149)
	at org.testng.TestNG.run(TestNG.java:1057)
	at org.testng.remote.RemoteTestNG.run(RemoteTestNG.java:111)
	at org.testng.remote.RemoteTestNG.initAndRun(RemoteTestNG.java:204)
	at org.testng.remote.RemoteTestNG.main(RemoteTestNG.java:175)
]]>
    </error>
  </testcase> <!-- test24M -->
  <testcase name="test9M" time="12.437" classname="Tests.ValidateMainPageLinks"/>
  <testcase name="test6M" time="6.276" classname="Tests.ValidateMainPageLinks"/>
  <testcase name="test36M" time="6.479" classname="Tests.ValidateMainPageLinks"/>
  <testcase name="test22M" time="8.642" classname="Tests.ValidateMainPageLinks"/>
  <testcase name="test28M" time="4.672" classname="Tests.ValidateMainPageLinks"/>
  <testcase name="test5M" time="3.320" classname="Tests.ValidateMainPageLinks"/>
  <testcase name="test18M" time="5.580" classname="Tests.ValidateMainPageLinks"/>
  <testcase name="test21M" time="4.610" classname="Tests.ValidateMainPageLinks"/>
  <testcase name="test25M" time="4.780" classname="Tests.ValidateMainPageLinks"/>
  <testcase name="test31M" time="6.399" classname="Tests.ValidateMainPageLinks"/>
  <testcase name="test35M" time="6.259" classname="Tests.ValidateMainPageLinks"/>
  <testcase name="test13M" time="6.960" classname="Tests.ValidateMainPageLinks"/>
  <testcase name="test2S" time="7.080" classname="Tests.ValidateMainPageLinks"/>
  <testcase name="test41M" time="6.190" classname="Tests.ValidateMainPageLinks"/>
</testsuite> <!-- Tests.ValidateMainPageLinks -->
