<?xml version="1.0" encoding="UTF-8"?>
<!-- Generated by org.testng.reporters.JUnitReportReporter -->
<testsuite hostname="Kris-PC" name="Tests.ValidateMainPageLinks" tests="48" failures="0" timestamp="19 Mar 2015 11:50:00 GMT" time="287.694" errors="0">
  <testcase name="test22M" time="5.056" classname="Tests.ValidateMainPageLinks"/>
  <testcase name="test28M" time="4.962" classname="Tests.ValidateMainPageLinks"/>
  <testcase name="test2S" time="7.123" classname="Tests.ValidateMainPageLinks"/>
  <testcase name="test36M" time="6.512" classname="Tests.ValidateMainPageLinks"/>
  <testcase name="test38M" time="8.845" classname="Tests.ValidateMainPageLinks"/>
  <testcase name="test4M" time="3.680" classname="Tests.ValidateMainPageLinks"/>
  <testcase name="test23M" time="3.300" classname="Tests.ValidateMainPageLinks"/>
  <testcase name="test26M" time="5.150" classname="Tests.ValidateMainPageLinks"/>
  <testcase name="test3M" time="6.797" classname="Tests.ValidateMainPageLinks"/>
  <testcase name="test37M" time="6.566" classname="Tests.ValidateMainPageLinks"/>
  <testcase name="test21M" time="5.032" classname="Tests.ValidateMainPageLinks"/>
  <testcase name="test6M" time="6.790" classname="Tests.ValidateMainPageLinks"/>
  <testcase name="test14M" time="6.555" classname="Tests.ValidateMainPageLinks"/>
  <testcase name="test41M" time="6.888" classname="Tests.ValidateMainPageLinks"/>
  <testcase name="test47M" time="7.327" classname="Tests.ValidateMainPageLinks"/>
  <testcase name="test34M" time="4.883" classname="Tests.ValidateMainPageLinks"/>
  <testcase name="test1M" time="2.500" classname="Tests.ValidateMainPageLinks"/>
  <testcase name="test43M" time="7.152" classname="Tests.ValidateMainPageLinks"/>
  <testcase name="test35M" time="6.942" classname="Tests.ValidateMainPageLinks"/>
  <testcase name="test5M" time="3.572" classname="Tests.ValidateMainPageLinks"/>
  <testcase name="test32M" time="7.198" classname="Tests.ValidateMainPageLinks"/>
  <testcase name="test20M" time="7.213" classname="Tests.ValidateMainPageLinks"/>
  <testcase name="test8M" time="10.119" classname="Tests.ValidateMainPageLinks"/>
  <testcase name="test10M" time="4.090" classname="Tests.ValidateMainPageLinks"/>
  <testcase name="test15M" time="5.449" classname="Tests.ValidateMainPageLinks"/>
  <testcase name="test25M" time="2.659" classname="Tests.ValidateMainPageLinks"/>
  <testcase name="test2M" time="5.230" classname="Tests.ValidateMainPageLinks"/>
  <testcase name="test18M" time="5.830" classname="Tests.ValidateMainPageLinks"/>
  <testcase name="test24M" time="1.610" classname="Tests.ValidateMainPageLinks"/>
  <testcase name="test11M" time="5.530" classname="Tests.ValidateMainPageLinks"/>
  <testcase name="test27M" time="4.686" classname="Tests.ValidateMainPageLinks"/>
  <testcase name="test16M" time="5.487" classname="Tests.ValidateMainPageLinks"/>
  <testcase name="test9M" time="8.359" classname="Tests.ValidateMainPageLinks"/>
  <testcase name="test1S" time="5.110" classname="Tests.ValidateMainPageLinks"/>
  <testcase name="test17M" time="5.570" classname="Tests.ValidateMainPageLinks"/>
  <testcase name="test46M" time="7.164" classname="Tests.ValidateMainPageLinks"/>
  <testcase name="test30M" time="3.023" classname="Tests.ValidateMainPageLinks"/>
  <testcase name="test40M" time="6.949" classname="Tests.ValidateMainPageLinks"/>
  <testcase name="test42M" time="7.092" classname="Tests.ValidateMainPageLinks"/>
  <testcase name="test45M" time="7.239" classname="Tests.ValidateMainPageLinks"/>
  <testcase name="test31M" time="6.288" classname="Tests.ValidateMainPageLinks"/>
  <testcase name="test19M" time="5.240" classname="Tests.ValidateMainPageLinks"/>
  <testcase name="test13M" time="5.661" classname="Tests.ValidateMainPageLinks"/>
  <testcase name="test33M" time="15.017" classname="Tests.ValidateMainPageLinks"/>
  <testcase name="test29M" time="5.110" classname="Tests.ValidateMainPageLinks"/>
  <testcase name="test12M" time="5.280" classname="Tests.ValidateMainPageLinks"/>
  <testcase name="test7M" time="7.855" classname="Tests.ValidateMainPageLinks"/>
  <testcase name="test39M" time="6.004" classname="Tests.ValidateMainPageLinks"/>
</testsuite> <!-- Tests.ValidateMainPageLinks -->
