<?xml version="1.0" encoding="UTF-8"?>
<!-- Generated by org.testng.reporters.JUnitReportReporter -->
<testsuite hostname="Kris-PC" name="Tests.ValidateMainPageLinks" tests="48" failures="1" timestamp="13 Mar 2015 19:22:27 GMT" time="266.880" errors="0">
  <testcase name="test28M" time="4.106" classname="Tests.ValidateMainPageLinks"/>
  <testcase name="test2S" time="6.000" classname="Tests.ValidateMainPageLinks"/>
  <testcase name="test1S" time="6.385" classname="Tests.ValidateMainPageLinks"/>
  <testcase name="test36M" time="5.678" classname="Tests.ValidateMainPageLinks"/>
  <testcase name="test38M" time="8.197" classname="Tests.ValidateMainPageLinks"/>
  <testcase name="test4M" time="4.259" classname="Tests.ValidateMainPageLinks"/>
  <testcase name="test23M" time="2.457" classname="Tests.ValidateMainPageLinks"/>
  <testcase name="test26M" time="3.744" classname="Tests.ValidateMainPageLinks"/>
  <testcase name="test3M" time="5.486" classname="Tests.ValidateMainPageLinks"/>
  <testcase name="test19M" time="4.607" classname="Tests.ValidateMainPageLinks"/>
  <testcase name="test21M" time="4.249" classname="Tests.ValidateMainPageLinks"/>
  <testcase name="test37M" time="5.673" classname="Tests.ValidateMainPageLinks"/>
  <testcase name="test6M" time="6.893" classname="Tests.ValidateMainPageLinks"/>
  <testcase name="test16M" time="4.667" classname="Tests.ValidateMainPageLinks"/>
  <testcase name="test10M" time="5.644" classname="Tests.ValidateMainPageLinks"/>
  <testcase name="test41M" time="6.273" classname="Tests.ValidateMainPageLinks"/>
  <testcase name="test47M" time="7.595" classname="Tests.ValidateMainPageLinks"/>
  <testcase name="test8M" time="8.521" classname="Tests.ValidateMainPageLinks"/>
  <testcase name="test34M" time="4.855" classname="Tests.ValidateMainPageLinks"/>
  <testcase name="test20M" time="10.839" classname="Tests.ValidateMainPageLinks">
    <failure type="org.openqa.selenium.TimeoutException" message="Timed out after 10 seconds waiting for title to be &quot;PrestaShop - Free ecommerce software&quot;. Current title: &quot;My Store&quot;
Build info: version: &#039;2.45.0&#039;, revision: &#039;5017cb8&#039;, time: &#039;2015-02-27 00:00:10&#039;
System info: host: &#039;Kris-PC&#039;, ip: &#039;192.168.56.1&#039;, os.name: &#039;Windows 7&#039;, os.arch: &#039;amd64&#039;, os.version: &#039;6.1&#039;, java.version: &#039;1.8.0_31&#039;
Driver info: org.openqa.selenium.firefox.FirefoxDriver
Capabilities [{applicationCacheEnabled=true, rotatable=false, handlesAlerts=true, databaseEnabled=true, version=36.0.1, platform=WINDOWS, nativeEvents=false, acceptSslCerts=true, webStorageEnabled=true, locationContextEnabled=true, browserName=firefox, takesScreenshot=true, javascriptEnabled=true, cssSelectorsEnabled=true}]
Session ID: dfd9644d-6605-464d-9584-883c5f1325bf">
      <![CDATA[org.openqa.selenium.TimeoutException: Timed out after 10 seconds waiting for title to be "PrestaShop - Free ecommerce software". Current title: "My Store"
Build info: version: '2.45.0', revision: '5017cb8', time: '2015-02-27 00:00:10'
System info: host: 'Kris-PC', ip: '192.168.56.1', os.name: 'Windows 7', os.arch: 'amd64', os.version: '6.1', java.version: '1.8.0_31'
Driver info: org.openqa.selenium.firefox.FirefoxDriver
Capabilities [{applicationCacheEnabled=true, rotatable=false, handlesAlerts=true, databaseEnabled=true, version=36.0.1, platform=WINDOWS, nativeEvents=false, acceptSslCerts=true, webStorageEnabled=true, locationContextEnabled=true, browserName=firefox, takesScreenshot=true, javascriptEnabled=true, cssSelectorsEnabled=true}]
Session ID: dfd9644d-6605-464d-9584-883c5f1325bf
	at org.openqa.selenium.support.ui.WebDriverWait.timeoutException(WebDriverWait.java:79)
	at org.openqa.selenium.support.ui.FluentWait.until(FluentWait.java:228)
	at Tests.ValidateMainPageLinks.test20M(ValidateMainPageLinks.java:196)
	at sun.reflect.NativeMethodAccessorImpl.invoke0(Native Method)
	at sun.reflect.NativeMethodAccessorImpl.invoke(Unknown Source)
	at sun.reflect.DelegatingMethodAccessorImpl.invoke(Unknown Source)
	at java.lang.reflect.Method.invoke(Unknown Source)
	at org.testng.internal.MethodInvocationHelper.invokeMethod(MethodInvocationHelper.java:84)
	at org.testng.internal.Invoker.invokeMethod(Invoker.java:714)
	at org.testng.internal.Invoker.invokeTestMethod(Invoker.java:901)
	at org.testng.internal.Invoker.invokeTestMethods(Invoker.java:1231)
	at org.testng.internal.TestMethodWorker.invokeTestMethods(TestMethodWorker.java:127)
	at org.testng.internal.TestMethodWorker.run(TestMethodWorker.java:111)
	at org.testng.TestRunner.privateRun(TestRunner.java:767)
	at org.testng.TestRunner.run(TestRunner.java:617)
	at org.testng.SuiteRunner.runTest(SuiteRunner.java:334)
	at org.testng.SuiteRunner.runSequentially(SuiteRunner.java:329)
	at org.testng.SuiteRunner.privateRun(SuiteRunner.java:291)
	at org.testng.SuiteRunner.run(SuiteRunner.java:240)
	at org.testng.SuiteRunnerWorker.runSuite(SuiteRunnerWorker.java:52)
	at org.testng.SuiteRunnerWorker.run(SuiteRunnerWorker.java:86)
	at org.testng.TestNG.runSuitesSequentially(TestNG.java:1224)
	at org.testng.TestNG.runSuitesLocally(TestNG.java:1149)
	at org.testng.TestNG.run(TestNG.java:1057)
	at org.testng.remote.RemoteTestNG.run(RemoteTestNG.java:111)
	at org.testng.remote.RemoteTestNG.initAndRun(RemoteTestNG.java:204)
	at org.testng.remote.RemoteTestNG.main(RemoteTestNG.java:175)
]]>
    </failure>
  </testcase> <!-- test20M -->
  <testcase name="test35M" time="5.857" classname="Tests.ValidateMainPageLinks"/>
  <testcase name="test43M" time="6.260" classname="Tests.ValidateMainPageLinks"/>
  <testcase name="test5M" time="4.100" classname="Tests.ValidateMainPageLinks"/>
  <testcase name="test14M" time="6.027" classname="Tests.ValidateMainPageLinks"/>
  <testcase name="test32M" time="7.446" classname="Tests.ValidateMainPageLinks"/>
  <testcase name="test25M" time="2.300" classname="Tests.ValidateMainPageLinks"/>
  <testcase name="test2M" time="4.657" classname="Tests.ValidateMainPageLinks"/>
  <testcase name="test1M" time="1.611" classname="Tests.ValidateMainPageLinks"/>
  <testcase name="test24M" time="1.143" classname="Tests.ValidateMainPageLinks"/>
  <testcase name="test15M" time="4.580" classname="Tests.ValidateMainPageLinks"/>
  <testcase name="test27M" time="3.710" classname="Tests.ValidateMainPageLinks"/>
  <testcase name="test11M" time="5.180" classname="Tests.ValidateMainPageLinks"/>
  <testcase name="test13M" time="5.411" classname="Tests.ValidateMainPageLinks"/>
  <testcase name="test12M" time="5.887" classname="Tests.ValidateMainPageLinks"/>
  <testcase name="test22M" time="3.794" classname="Tests.ValidateMainPageLinks"/>
  <testcase name="test46M" time="7.385" classname="Tests.ValidateMainPageLinks"/>
  <testcase name="test18M" time="5.627" classname="Tests.ValidateMainPageLinks"/>
  <testcase name="test30M" time="2.404" classname="Tests.ValidateMainPageLinks"/>
  <testcase name="test40M" time="5.468" classname="Tests.ValidateMainPageLinks"/>
  <testcase name="test42M" time="5.814" classname="Tests.ValidateMainPageLinks"/>
  <testcase name="test45M" time="6.350" classname="Tests.ValidateMainPageLinks"/>
  <testcase name="test31M" time="3.547" classname="Tests.ValidateMainPageLinks"/>
  <testcase name="test17M" time="4.677" classname="Tests.ValidateMainPageLinks"/>
  <testcase name="test33M" time="14.520" classname="Tests.ValidateMainPageLinks"/>
  <testcase name="test29M" time="4.190" classname="Tests.ValidateMainPageLinks"/>
  <testcase name="test7M" time="9.694" classname="Tests.ValidateMainPageLinks"/>
  <testcase name="test39M" time="5.040" classname="Tests.ValidateMainPageLinks"/>
  <testcase name="test9M" time="8.073" classname="Tests.ValidateMainPageLinks"/>
</testsuite> <!-- Tests.ValidateMainPageLinks -->
